This file contains any messages produced by compilers while
running configure, to aid debugging if configure makes a mistake.

It was created by GNU C Library configure (see version.h), which was
generated by GNU Autoconf 2.69.  Invocation command line was

  $ ../glibc-2.35/configure --prefix=/home/materialofmouse/await-glibc/local

## --------- ##
## Platform. ##
## --------- ##

hostname = FreeBSD-container-dev
uname -m = x86_64
uname -r = 5.15.0-117-generic
uname -s = Linux
uname -v = #127-Ubuntu SMP Fri Jul 5 20:13:28 UTC 2024

/usr/bin/uname -p = x86_64
/bin/uname -X     = unknown

/bin/arch              = x86_64
/usr/bin/arch -k       = unknown
/usr/convex/getsysinfo = unknown
/usr/bin/hostinfo      = unknown
/bin/machine           = unknown
/usr/bin/oslevel       = unknown
/bin/universe          = unknown

PATH: /home/materialofmouse/.local/bin
PATH: /usr/local/sbin
PATH: /usr/local/bin
PATH: /usr/sbin
PATH: /usr/bin
PATH: /sbin
PATH: /bin
PATH: /usr/games
PATH: /usr/local/games
PATH: /snap/bin
PATH: /usr/local/go/bin
PATH: /usr/local/go/bin


## ----------- ##
## Core tests. ##
## ----------- ##

configure:2266: checking build system type
configure:2280: result: x86_64-pc-linux-gnu
configure:2300: checking host system type
configure:2313: result: x86_64-pc-linux-gnu
configure:2382: checking for gcc
configure:2398: found /usr/bin/gcc
configure:2409: result: gcc
configure:2638: checking for C compiler version
configure:2647: gcc --version >&5
gcc (Ubuntu 11.4.0-1ubuntu1~22.04) 11.4.0
Copyright (C) 2021 Free Software Foundation, Inc.
This is free software; see the source for copying conditions.  There is NO
warranty; not even for MERCHANTABILITY or FITNESS FOR A PARTICULAR PURPOSE.

configure:2658: $? = 0
configure:2647: gcc -v >&5
Using built-in specs.
COLLECT_GCC=gcc
COLLECT_LTO_WRAPPER=/usr/lib/gcc/x86_64-linux-gnu/11/lto-wrapper
OFFLOAD_TARGET_NAMES=nvptx-none:amdgcn-amdhsa
OFFLOAD_TARGET_DEFAULT=1
Target: x86_64-linux-gnu
Configured with: ../src/configure -v --with-pkgversion='Ubuntu 11.4.0-1ubuntu1~22.04' --with-bugurl=file:///usr/share/doc/gcc-11/README.Bugs --enable-languages=c,ada,c++,go,brig,d,fortran,objc,obj-c++,m2 --prefix=/usr --with-gcc-major-version-only --program-suffix=-11 --program-prefix=x86_64-linux-gnu- --enable-shared --enable-linker-build-id --libexecdir=/usr/lib --without-included-gettext --enable-threads=posix --libdir=/usr/lib --enable-nls --enable-bootstrap --enable-clocale=gnu --enable-libstdcxx-debug --enable-libstdcxx-time=yes --with-default-libstdcxx-abi=new --enable-gnu-unique-object --disable-vtable-verify --enable-plugin --enable-default-pie --with-system-zlib --enable-libphobos-checking=release --with-target-system-zlib=auto --enable-objc-gc=auto --enable-multiarch --disable-werror --enable-cet --with-arch-32=i686 --with-abi=m64 --with-multilib-list=m32,m64,mx32 --enable-multilib --with-tune=generic --enable-offload-targets=nvptx-none=/build/gcc-11-XeT9lY/gcc-11-11.4.0/debian/tmp-nvptx/usr,amdgcn-amdhsa=/build/gcc-11-XeT9lY/gcc-11-11.4.0/debian/tmp-gcn/usr --without-cuda-driver --enable-checking=release --build=x86_64-linux-gnu --host=x86_64-linux-gnu --target=x86_64-linux-gnu --with-build-config=bootstrap-lto-lean --enable-link-serialization=2
Thread model: posix
Supported LTO compression algorithms: zlib zstd
gcc version 11.4.0 (Ubuntu 11.4.0-1ubuntu1~22.04) 
... rest of stderr output deleted ...
configure:2658: $? = 0
configure:2647: gcc -V >&5
gcc: error: unrecognized command-line option '-V'
gcc: fatal error: no input files
compilation terminated.
configure:2658: $? = 1
configure:2647: gcc -qversion >&5
gcc: error: unrecognized command-line option '-qversion'; did you mean '--version'?
gcc: fatal error: no input files
compilation terminated.
configure:2658: $? = 1
configure:2663: checking for suffix of object files
configure:2685: gcc -c   conftest.c >&5
configure:2689: $? = 0
configure:2710: result: o
configure:2714: checking whether we are using the GNU C compiler
configure:2733: gcc -c   conftest.c >&5
configure:2733: $? = 0
configure:2742: result: yes
configure:2751: checking whether gcc accepts -g
configure:2771: gcc -c -g  conftest.c >&5
configure:2771: $? = 0
configure:2812: result: yes
configure:2932: checking for readelf
configure:2948: found /usr/bin/readelf
configure:2959: result: readelf
configure:3041: checking for g++
configure:3057: found /usr/bin/g++
configure:3068: result: g++
configure:3095: checking for C++ compiler version
configure:3104: g++ --version >&5
g++ (Ubuntu 11.4.0-1ubuntu1~22.04) 11.4.0
Copyright (C) 2021 Free Software Foundation, Inc.
This is free software; see the source for copying conditions.  There is NO
warranty; not even for MERCHANTABILITY or FITNESS FOR A PARTICULAR PURPOSE.

configure:3115: $? = 0
configure:3104: g++ -v >&5
Using built-in specs.
COLLECT_GCC=g++
COLLECT_LTO_WRAPPER=/usr/lib/gcc/x86_64-linux-gnu/11/lto-wrapper
OFFLOAD_TARGET_NAMES=nvptx-none:amdgcn-amdhsa
OFFLOAD_TARGET_DEFAULT=1
Target: x86_64-linux-gnu
Configured with: ../src/configure -v --with-pkgversion='Ubuntu 11.4.0-1ubuntu1~22.04' --with-bugurl=file:///usr/share/doc/gcc-11/README.Bugs --enable-languages=c,ada,c++,go,brig,d,fortran,objc,obj-c++,m2 --prefix=/usr --with-gcc-major-version-only --program-suffix=-11 --program-prefix=x86_64-linux-gnu- --enable-shared --enable-linker-build-id --libexecdir=/usr/lib --without-included-gettext --enable-threads=posix --libdir=/usr/lib --enable-nls --enable-bootstrap --enable-clocale=gnu --enable-libstdcxx-debug --enable-libstdcxx-time=yes --with-default-libstdcxx-abi=new --enable-gnu-unique-object --disable-vtable-verify --enable-plugin --enable-default-pie --with-system-zlib --enable-libphobos-checking=release --with-target-system-zlib=auto --enable-objc-gc=auto --enable-multiarch --disable-werror --enable-cet --with-arch-32=i686 --with-abi=m64 --with-multilib-list=m32,m64,mx32 --enable-multilib --with-tune=generic --enable-offload-targets=nvptx-none=/build/gcc-11-XeT9lY/gcc-11-11.4.0/debian/tmp-nvptx/usr,amdgcn-amdhsa=/build/gcc-11-XeT9lY/gcc-11-11.4.0/debian/tmp-gcn/usr --without-cuda-driver --enable-checking=release --build=x86_64-linux-gnu --host=x86_64-linux-gnu --target=x86_64-linux-gnu --with-build-config=bootstrap-lto-lean --enable-link-serialization=2
Thread model: posix
Supported LTO compression algorithms: zlib zstd
gcc version 11.4.0 (Ubuntu 11.4.0-1ubuntu1~22.04) 
... rest of stderr output deleted ...
configure:3115: $? = 0
configure:3104: g++ -V >&5
g++: error: unrecognized command-line option '-V'
g++: fatal error: no input files
compilation terminated.
configure:3115: $? = 1
configure:3104: g++ -qversion >&5
g++: error: unrecognized command-line option '-qversion'; did you mean '--version'?
g++: fatal error: no input files
compilation terminated.
configure:3115: $? = 1
configure:3119: checking whether we are using the GNU C++ compiler
configure:3138: g++ -c   conftest.cpp >&5
configure:3138: $? = 0
configure:3147: result: yes
configure:3156: checking whether g++ accepts -g
configure:3176: g++ -c -g  conftest.cpp >&5
configure:3176: $? = 0
configure:3217: result: yes
configure:3242: checking whether g++ can link programs
configure:3265: g++ -o conftest -g -O2   conftest.cpp  >&5
configure:3265: $? = 0
configure:3288: g++ -o conftest -g -O2   -static conftest.cpp  >&5
configure:3288: $? = 0
configure:3303: result: yes
configure:3310: error: you must configure in a separate build directory

## ---------------- ##
## Cache variables. ##
## ---------------- ##

ac_cv_build=x86_64-pc-linux-gnu
ac_cv_c_compiler_gnu=yes
ac_cv_cxx_compiler_gnu=yes
ac_cv_env_CCC_set=
ac_cv_env_CCC_value=
ac_cv_env_CC_set=
ac_cv_env_CC_value=
ac_cv_env_CFLAGS_set=
ac_cv_env_CFLAGS_value=
ac_cv_env_CPPFLAGS_set=
ac_cv_env_CPPFLAGS_value=
ac_cv_env_CPP_set=
ac_cv_env_CPP_value=
ac_cv_env_CXXFLAGS_set=
ac_cv_env_CXXFLAGS_value=
ac_cv_env_CXX_set=
ac_cv_env_CXX_value=
ac_cv_env_LDFLAGS_set=
ac_cv_env_LDFLAGS_value=
ac_cv_env_LIBS_set=
ac_cv_env_LIBS_value=
ac_cv_env_build_alias_set=
ac_cv_env_build_alias_value=
ac_cv_env_host_alias_set=
ac_cv_env_host_alias_value=
ac_cv_env_target_alias_set=
ac_cv_env_target_alias_value=
ac_cv_host=x86_64-pc-linux-gnu
ac_cv_objext=o
ac_cv_prog_ac_ct_CC=gcc
ac_cv_prog_ac_ct_CXX=g++
ac_cv_prog_ac_ct_READELF=readelf
ac_cv_prog_cc_g=yes
ac_cv_prog_cxx_g=yes
libc_cv_cxx_link_ok=yes

## ----------------- ##
## Output variables. ##
## ----------------- ##

AR=''
AS=''
ASFLAGS_config=''
AUTOCONF=''
AWK=''
BASH_SHELL=''
BISON=''
BUILD_CC=''
CC='gcc'
CFLAGS='-g -O2'
CPP='gcc -E'
CPPFLAGS=''
CPPUNDEFS=''
CXX='g++'
CXXFLAGS='-g -O2'
CXX_BITS_STD_ABS_H=''
CXX_CMATH_HEADER=''
CXX_CSTDLIB_HEADER=''
CXX_SYSINCLUDES=''
DEFINES=''
DEFS=''
ECHO_C=''
ECHO_N='-n'
ECHO_T=''
GPROF=''
INSTALL_DATA=''
INSTALL_INFO=''
INSTALL_PROGRAM=''
INSTALL_SCRIPT=''
LD=''
LDFLAGS=''
LIBGD=''
LIBOBJS=''
LIBS=''
LN_S=''
LTLIBOBJS=''
MAKE=''
MAKEINFO=''
MSGFMT=''
NM=''
OBJCOPY=''
OBJDUMP=''
OBJEXT='o'
PACKAGE_BUGREPORT='https://sourceware.org/bugzilla/'
PACKAGE_NAME='GNU C Library'
PACKAGE_STRING='GNU C Library (see version.h)'
PACKAGE_TARNAME='glibc'
PACKAGE_URL='https://www.gnu.org/software/glibc/'
PACKAGE_VERSION='(see version.h)'
PATH_SEPARATOR=':'
PERL=''
PKGVERSION='(GNU libc) '
PKGVERSION_TEXI='(GNU libc) '
PYTHON=''
PYTHON_PROG=''
READELF='readelf'
RELEASE=''
REPORT_BUGS_TEXI='@uref{https://www.gnu.org/software/libc/bugs.html}'
REPORT_BUGS_TO='<https://www.gnu.org/software/libc/bugs.html>'
SED=''
SHELL='/bin/bash'
SYSINCLUDES=''
VERSION=''
ac_ct_CC='gcc'
ac_ct_CXX='g++'
all_warnings=''
base_machine=''
bindir='${exec_prefix}/bin'
bindnow=''
build='x86_64-pc-linux-gnu'
build_alias=''
build_cpu='x86_64'
build_crypt=''
build_nscd=''
build_os='linux-gnu'
build_pt_chown=''
build_vendor='pc'
cross_compiling='no'
datadir='${datarootdir}'
datarootdir='${prefix}/share'
docdir='${datarootdir}/doc/${PACKAGE_TARNAME}'
dvidir='${docdir}'
enable_timezone_tools=''
enable_werror=''
exec_prefix='NONE'
experimental_malloc=''
extra_nonshared_cflags=''
fno_unit_at_a_time=''
force_install=''
hardcoded_path_in_tests=''
have_libaudit=''
have_libcap=''
have_selinux=''
have_tunables=''
host='x86_64-pc-linux-gnu'
host_alias=''
host_cpu='x86_64'
host_os='linux-gnu'
host_vendor='pc'
htmldir='${docdir}'
includedir='${prefix}/include'
infodir='${datarootdir}/info'
ldd_rewrite_script=''
libc_cv_cc_loop_to_function=''
libc_cv_cc_nofma=''
libc_cv_cc_submachine=''
libc_cv_cc_with_libunwind=''
libc_cv_complocaledir=''
libc_cv_cxx_thread_local=''
libc_cv_fpie=''
libc_cv_gcc_unwind_find_fde=''
libc_cv_has_glob_dat=''
libc_cv_hashstyle=''
libc_cv_insert=''
libc_cv_localstatedir=''
libc_cv_mtls_dialect_gnu2=''
libc_cv_multidir=''
libc_cv_nss_crypt=''
libc_cv_protected_data=''
libc_cv_rootsbindir=''
libc_cv_rtlddir=''
libc_cv_slibdir=''
libc_cv_ssp=''
libc_cv_static_nss_crypt=''
libc_cv_sysconfdir=''
libc_cv_textrel_ifunc=''
libc_cv_with_fp=''
libc_cv_z_combreloc=''
libc_cv_z_execstack=''
libc_extra_cflags=''
libc_extra_cppflags=''
libdir='${exec_prefix}/lib'
libexecdir='${exec_prefix}/libexec'
localedir='${datarootdir}/locale'
localstatedir='${prefix}/var'
mach_interface_list=''
mandir='${datarootdir}/man'
memory_tagging=''
multi_arch=''
no_stack_protector=''
oldincludedir='/usr/include'
pdfdir='${docdir}'
prefix='/home/materialofmouse/await-glibc/local'
profile=''
program_transform_name='s,x,x,'
psdir='${docdir}'
pthread_in_libc=''
rtld_early_cflags=''
runstatedir='${localstatedir}/run'
sbindir='${exec_prefix}/sbin'
shared=''
sharedstatedir='${prefix}/com'
stack_protector=''
static=''
static_nss=''
subdirs=' '
submachine=''
sysconfdir='${prefix}/etc'
sysheaders=''
sysnames=''
target_alias=''
use_default_link=''
use_ldconfig=''
use_nscd=''

## ----------- ##
## confdefs.h. ##
## ----------- ##

/* confdefs.h */
#define PACKAGE_NAME "GNU C Library"
#define PACKAGE_TARNAME "glibc"
#define PACKAGE_VERSION "(see version.h)"
#define PACKAGE_STRING "GNU C Library (see version.h)"
#define PACKAGE_BUGREPORT "https://sourceware.org/bugzilla/"
#define PACKAGE_URL "https://www.gnu.org/software/glibc/"
#define PKGVERSION "(GNU libc) "
#define REPORT_BUGS_TO "<https://www.gnu.org/software/libc/bugs.html>"

configure: exit 1
