/tmp/tmpbdrbsb6p/undef.c:17:1: warning: ‘sighold’ is deprecated: Use the sigprocmask function instead [-Wdeprecated-declarations]
   17 | void *__glibc_test_sighold = (void *) &sighold;
      | ^~~~
In file included from ../include/signal.h:2,
                 from /tmp/tmpbdrbsb6p/undef.c:1:
../signal/signal.h:355:12: note: declared here
  355 | extern int sighold (int __sig) __THROW
      |            ^~~~~~~
/tmp/tmpbdrbsb6p/undef.c:18:1: warning: ‘sigignore’ is deprecated: Use the signal function instead [-Wdeprecated-declarations]
   18 | void *__glibc_test_sigignore = (void *) &sigignore;
      | ^~~~
In file included from ../include/signal.h:2,
                 from /tmp/tmpbdrbsb6p/undef.c:1:
../signal/signal.h:363:12: note: declared here
  363 | extern int sigignore (int __sig) __THROW
      |            ^~~~~~~~~
/tmp/tmpbdrbsb6p/undef.c:19:1: warning: ‘siginterrupt’ is deprecated: Use sigaction with SA_RESTART instead [-Wdeprecated-declarations]
   19 | void *__glibc_test_siginterrupt = (void *) &siginterrupt;
      | ^~~~
In file included from ../include/signal.h:2,
                 from /tmp/tmpbdrbsb6p/undef.c:1:
../signal/signal.h:324:12: note: declared here
  324 | extern int siginterrupt (int __sig, int __interrupt) __THROW
      |            ^~~~~~~~~~~~
/tmp/tmpbdrbsb6p/undef.c:22:1: warning: ‘sigpause’ is deprecated: Use the sigsuspend function instead [-Wdeprecated-declarations]
   22 | void *__glibc_test_sigpause = (void *) &sigpause;
      | ^~~~
In file included from ../include/signal.h:2,
                 from /tmp/tmpbdrbsb6p/undef.c:1:
../signal/signal.h:151:12: note: declared here
  151 | extern int sigpause (int __sig) __asm__ ("__xpg_sigpause")
      |            ^~~~~~~~
/tmp/tmpbdrbsb6p/undef.c:26:1: warning: ‘sigrelse’ is deprecated: Use the sigprocmask function instead [-Wdeprecated-declarations]
   26 | void *__glibc_test_sigrelse = (void *) &sigrelse;
      | ^~~~
In file included from ../include/signal.h:2,
                 from /tmp/tmpbdrbsb6p/undef.c:1:
../signal/signal.h:359:12: note: declared here
  359 | extern int sigrelse (int __sig) __THROW
      |            ^~~~~~~~
/tmp/tmpbdrbsb6p/undef.c:27:1: warning: ‘sigset’ is deprecated: Use the signal and sigprocmask functions instead [-Wdeprecated-declarations]
   27 | void *__glibc_test_sigset = (void *) &sigset;
      | ^~~~
In file included from ../include/signal.h:2,
                 from /tmp/tmpbdrbsb6p/undef.c:1:
../signal/signal.h:367:23: note: declared here
  367 | extern __sighandler_t sigset (int __sig, __sighandler_t __disp) __THROW
      |                       ^~~~~~
/tmp/tmpbdrbsb6p/undef.c:28:1: warning: ‘sigstack’ is deprecated [-Wdeprecated-declarations]
   28 | void *__glibc_test_sigstack = (void *) &sigstack;
      | ^~~~
In file included from ../include/signal.h:2,
                 from /tmp/tmpbdrbsb6p/undef.c:1:
../signal/signal.h:347:12: note: declared here
  347 | extern int sigstack (struct sigstack *__ss, struct sigstack *__oss)
      |            ^~~~~~~~
[initial] pthread_kill -> [libc.a(pthread_kill.o)] __lll_lock_wait_private -> [libc.a(lowlevellock.o)] __libc_fatal -> [libc.a(libc_fatal.o)] _dl_pagesize -> [libc.a(dl-support.o)] __assert_fail -> [libc.a(assert.o)] stderr -> [libc.a(stdio.o)] _IO_2_1_stderr_ -> [libc.a(stdfiles.o)] _IO_file_jumps -> [libc.a(fileops.o)] __open -> [libc.a(open64.o)] find_matching_preopen_path
[initial] pthread_kill -> [libc.a(pthread_kill.o)] __lll_lock_wait_private -> [libc.a(lowlevellock.o)] __libc_fatal -> [libc.a(libc_fatal.o)] _dl_pagesize -> [libc.a(dl-support.o)] _dl_init_paths -> [libc.a(dl-load.o)] openat
[initial] pthread_kill -> [libc.a(pthread_kill.o)] __lll_lock_wait_private -> [libc.a(lowlevellock.o)] __libc_fatal -> [libc.a(libc_fatal.o)] _dl_pagesize -> [libc.a(dl-support.o)] _dl_init_paths -> [libc.a(dl-load.o)] openat_paths
[initial] pthread_kill -> [libc.a(pthread_kill.o)] __lll_lock_wait_private -> [libc.a(lowlevellock.o)] __libc_fatal -> [libc.a(libc_fatal.o)] _dl_pagesize -> [libc.a(dl-support.o)] __assert_fail -> [libc.a(assert.o)] stderr -> [libc.a(stdio.o)] _IO_2_1_stderr_ -> [libc.a(stdfiles.o)] _IO_file_jumps -> [libc.a(fileops.o)] __open -> [libc.a(open64.o)] preopen
