/tmp/tmp2ouf9rfu/undef.c:34:1: warning: ‘pthread_attr_getstackaddr’ is deprecated [-Wdeprecated-declarations]
   34 | void *__glibc_test_pthread_attr_getstackaddr = (void *) &pthread_attr_getstackaddr;
      | ^~~~
In file included from ../include/pthread.h:1,
                 from /tmp/tmp2ouf9rfu/undef.c:1:
../sysdeps/nptl/pthread.h:353:12: note: declared here
  353 | extern int pthread_attr_getstackaddr (const pthread_attr_t *__restrict
      |            ^~~~~~~~~~~~~~~~~~~~~~~~~
/tmp/tmp2ouf9rfu/undef.c:43:1: warning: ‘pthread_attr_setstackaddr’ is deprecated [-Wdeprecated-declarations]
   43 | void *__glibc_test_pthread_attr_setstackaddr = (void *) &pthread_attr_setstackaddr;
      | ^~~~
In file included from ../include/pthread.h:1,
                 from /tmp/tmp2ouf9rfu/undef.c:1:
../sysdeps/nptl/pthread.h:361:12: note: declared here
  361 | extern int pthread_attr_setstackaddr (pthread_attr_t *__attr,
      |            ^~~~~~~~~~~~~~~~~~~~~~~~~
[initial] getdate -> [libc.a(getdate.o)] _IO_new_fclose -> [libc.a(iofclose.o)] _IO_file_close_it -> [libc.a(fileops.o)] __open -> [libc.a(open64.o)] find_matching_preopen_path
[initial] pthread_create -> [libc.a(pthread_create.o)] __nptl_change_stack_perm -> [libc.a(dl-execstack.o)] __stack_prot -> [libc.a(dl-load.o)] openat
[initial] pthread_create -> [libc.a(pthread_create.o)] __nptl_change_stack_perm -> [libc.a(dl-execstack.o)] __stack_prot -> [libc.a(dl-load.o)] openat_paths
[initial] getdate -> [libc.a(getdate.o)] _IO_new_fclose -> [libc.a(iofclose.o)] _IO_file_close_it -> [libc.a(fileops.o)] __open -> [libc.a(open64.o)] preopen
