info: After allocation:
<malloc version="1">
<heap nr="0">
<sizes>
</sizes>
<total type="fast" count="0" size="0"/>
<total type="rest" count="1" size="1046768"/>
<system type="current" size="1048576"/>
<system type="max" size="1048576"/>
<aspace type="total" size="1048576"/>
<aspace type="mprotect" size="1048576"/>
</heap>
<heap nr="1">
<sizes>
</sizes>
<total type="fast" count="0" size="0"/>
<total type="rest" count="1" size="414944"/>
<system type="current" size="161480704"/>
<system type="max" size="161480704"/>
<aspace type="total" size="161480704"/>
<aspace type="mprotect" size="161480704"/>
<aspace type="subheaps" size="20"/>
</heap>
<heap nr="2">
<sizes>
</sizes>
<total type="fast" count="0" size="0"/>
<total type="rest" count="1" size="414944"/>
<system type="current" size="161480704"/>
<system type="max" size="161480704"/>
<aspace type="total" size="161480704"/>
<aspace type="mprotect" size="161480704"/>
<aspace type="subheaps" size="20"/>
</heap>
<heap nr="3">
<sizes>
</sizes>
<total type="fast" count="0" size="0"/>
<total type="rest" count="1" size="414944"/>
<system type="current" size="161480704"/>
<system type="max" size="161480704"/>
<aspace type="total" size="161480704"/>
<aspace type="mprotect" size="161480704"/>
<aspace type="subheaps" size="20"/>
</heap>
<heap nr="4">
<sizes>
</sizes>
<total type="fast" count="0" size="0"/>
<total type="rest" count="1" size="414944"/>
<system type="current" size="161480704"/>
<system type="max" size="161480704"/>
<aspace type="total" size="161480704"/>
<aspace type="mprotect" size="161480704"/>
<aspace type="subheaps" size="20"/>
</heap>
<total type="fast" count="0" size="0"/>
<total type="rest" count="5" size="2706544"/>
<total type="mmap" count="0" size="0"/>
<system type="current" size="646971392"/>
<system type="max" size="646971392"/>
<aspace type="total" size="646971392"/>
<aspace type="mprotect" size="646971392"/>
</malloc>

info: After deallocation:
<malloc version="1">
<heap nr="0">
<sizes>
</sizes>
<total type="fast" count="0" size="0"/>
<total type="rest" count="1" size="1046768"/>
<system type="current" size="1048576"/>
<system type="max" size="1048576"/>
<aspace type="total" size="1048576"/>
<aspace type="mprotect" size="1048576"/>
</heap>
<heap nr="1">
<sizes>
  <size from="33" to="48" total="161061312" count="3355444"/>
  <unsorted from="657" to="657" total="657" count="1"/>
</sizes>
<total type="fast" count="3355444" size="161061312"/>
<total type="rest" count="2" size="415601"/>
<system type="current" size="161480704"/>
<system type="max" size="161480704"/>
<aspace type="total" size="161480704"/>
<aspace type="mprotect" size="161480704"/>
<aspace type="subheaps" size="20"/>
</heap>
<heap nr="2">
<sizes>
  <size from="33" to="48" total="161061312" count="3355444"/>
  <unsorted from="657" to="657" total="657" count="1"/>
</sizes>
<total type="fast" count="3355444" size="161061312"/>
<total type="rest" count="2" size="415601"/>
<system type="current" size="161480704"/>
<system type="max" size="161480704"/>
<aspace type="total" size="161480704"/>
<aspace type="mprotect" size="161480704"/>
<aspace type="subheaps" size="20"/>
</heap>
<heap nr="3">
<sizes>
  <size from="33" to="48" total="161061312" count="3355444"/>
  <unsorted from="657" to="657" total="657" count="1"/>
</sizes>
<total type="fast" count="3355444" size="161061312"/>
<total type="rest" count="2" size="415601"/>
<system type="current" size="161480704"/>
<system type="max" size="161480704"/>
<aspace type="total" size="161480704"/>
<aspace type="mprotect" size="161480704"/>
<aspace type="subheaps" size="20"/>
</heap>
<heap nr="4">
<sizes>
  <size from="33" to="48" total="161061312" count="3355444"/>
  <unsorted from="657" to="657" total="657" count="1"/>
</sizes>
<total type="fast" count="3355444" size="161061312"/>
<total type="rest" count="2" size="415601"/>
<system type="current" size="161480704"/>
<system type="max" size="161480704"/>
<aspace type="total" size="161480704"/>
<aspace type="mprotect" size="161480704"/>
<aspace type="subheaps" size="20"/>
</heap>
<total type="fast" count="13421776" size="644245248"/>
<total type="rest" count="9" size="2709172"/>
<total type="mmap" count="0" size="0"/>
<system type="current" size="646971392"/>
<system type="max" size="646971392"/>
<aspace type="total" size="646971392"/>
<aspace type="mprotect" size="646971392"/>
</malloc>
