++ tcache ++
a=0x7fac8dcbc6c0, b=0x7fac8dcbc6f0, c=0x7fac8dcbc720
Before: c=0x7fac8dcbc720, c[0]=0x7fab77031a4c
After: c=0x7fac8dcbc720, c[0]=0xc8c8c8c8c8c8c8c8
Allocated: c=0x7fac8dcbc720

++ fastbin ++
p=0x7fac8dcb8570
p=0x7fac8dcb85a0
p=0x7fac8dcb85d0
p=0x7fac8dcb8600
p=0x7fac8dcb8630
p=0x7fac8dcb8660
p=0x7fac8dcb8690
a=0x7fac8dcb86c0, b=0x7fac8dcb86f0, c=0x7fac8dcb8720
Before: c=0x7fac8dcb8720, c[0]=0x7fab77035a58
After: c=0x7fac8dcb8720, c[0]=0x5d5d5d5d5d5d5d5d
Allocated: c=0x7fac8dcb8720

++ fastbin consolidate ++
a=0x7fac8dcba980, b=0x7fac8dcba9b0, c=0x7fac8dcba9e0
Before: c=0x7fac8dcba9e0, c[0]=0x7fab7703751a
After: c=0x7fac8dcba9e0, c[0]=0x4747474747474747

