info: After allocation:
<malloc version="1">
<heap nr="0">
<sizes>
</sizes>
<total type="fast" count="0" size="0"/>
<total type="rest" count="1" size="2095344"/>
<system type="current" size="2097152"/>
<system type="max" size="2097152"/>
<aspace type="total" size="2097152"/>
<aspace type="mprotect" size="2097152"/>
</heap>
<heap nr="1">
<sizes>
</sizes>
<total type="fast" count="0" size="0"/>
<total type="rest" count="1" size="2592"/>
<system type="current" size="161067008"/>
<system type="max" size="161067008"/>
<aspace type="total" size="161067008"/>
<aspace type="mprotect" size="161067008"/>
<aspace type="subheaps" size="3"/>
</heap>
<heap nr="2">
<sizes>
</sizes>
<total type="fast" count="0" size="0"/>
<total type="rest" count="1" size="2592"/>
<system type="current" size="161067008"/>
<system type="max" size="161067008"/>
<aspace type="total" size="161067008"/>
<aspace type="mprotect" size="161067008"/>
<aspace type="subheaps" size="3"/>
</heap>
<heap nr="3">
<sizes>
</sizes>
<total type="fast" count="0" size="0"/>
<total type="rest" count="1" size="2592"/>
<system type="current" size="161067008"/>
<system type="max" size="161067008"/>
<aspace type="total" size="161067008"/>
<aspace type="mprotect" size="161067008"/>
<aspace type="subheaps" size="3"/>
</heap>
<heap nr="4">
<sizes>
</sizes>
<total type="fast" count="0" size="0"/>
<total type="rest" count="1" size="2592"/>
<system type="current" size="161067008"/>
<system type="max" size="161067008"/>
<aspace type="total" size="161067008"/>
<aspace type="mprotect" size="161067008"/>
<aspace type="subheaps" size="3"/>
</heap>
<total type="fast" count="0" size="0"/>
<total type="rest" count="5" size="2105712"/>
<total type="mmap" count="0" size="0"/>
<system type="current" size="646365184"/>
<system type="max" size="646365184"/>
<aspace type="total" size="646365184"/>
<aspace type="mprotect" size="646365184"/>
</malloc>

info: After deallocation:
<malloc version="1">
<heap nr="0">
<sizes>
</sizes>
<total type="fast" count="0" size="0"/>
<total type="rest" count="1" size="2095344"/>
<system type="current" size="2097152"/>
<system type="max" size="2097152"/>
<aspace type="total" size="2097152"/>
<aspace type="mprotect" size="2097152"/>
</heap>
<heap nr="1">
<sizes>
  <size from="17" to="32" total="32" count="1"/>
  <size from="33" to="48" total="161061312" count="3355444"/>
  <unsorted from="657" to="657" total="657" count="1"/>
</sizes>
<total type="fast" count="3355445" size="161061344"/>
<total type="rest" count="2" size="3249"/>
<system type="current" size="161067008"/>
<system type="max" size="161067008"/>
<aspace type="total" size="161067008"/>
<aspace type="mprotect" size="161067008"/>
<aspace type="subheaps" size="3"/>
</heap>
<heap nr="2">
<sizes>
  <size from="17" to="32" total="32" count="1"/>
  <size from="33" to="48" total="161061312" count="3355444"/>
  <unsorted from="657" to="657" total="657" count="1"/>
</sizes>
<total type="fast" count="3355445" size="161061344"/>
<total type="rest" count="2" size="3249"/>
<system type="current" size="161067008"/>
<system type="max" size="161067008"/>
<aspace type="total" size="161067008"/>
<aspace type="mprotect" size="161067008"/>
<aspace type="subheaps" size="3"/>
</heap>
<heap nr="3">
<sizes>
  <size from="17" to="32" total="32" count="1"/>
  <size from="33" to="48" total="161061312" count="3355444"/>
  <unsorted from="657" to="657" total="657" count="1"/>
</sizes>
<total type="fast" count="3355445" size="161061344"/>
<total type="rest" count="2" size="3249"/>
<system type="current" size="161067008"/>
<system type="max" size="161067008"/>
<aspace type="total" size="161067008"/>
<aspace type="mprotect" size="161067008"/>
<aspace type="subheaps" size="3"/>
</heap>
<heap nr="4">
<sizes>
  <size from="17" to="32" total="32" count="1"/>
  <size from="33" to="48" total="161061312" count="3355444"/>
  <unsorted from="657" to="657" total="657" count="1"/>
</sizes>
<total type="fast" count="3355445" size="161061344"/>
<total type="rest" count="2" size="3249"/>
<system type="current" size="161067008"/>
<system type="max" size="161067008"/>
<aspace type="total" size="161067008"/>
<aspace type="mprotect" size="161067008"/>
<aspace type="subheaps" size="3"/>
</heap>
<total type="fast" count="13421780" size="644245376"/>
<total type="rest" count="9" size="2108340"/>
<total type="mmap" count="0" size="0"/>
<system type="current" size="646365184"/>
<system type="max" size="646365184"/>
<aspace type="total" size="646365184"/>
<aspace type="mprotect" size="646365184"/>
</malloc>
