++ tcache ++
a=0x5555574106c0, b=0x5555574106f0, c=0x555557410720
Before: c=0x555557410720, c[0]=0x5550021472e0
After: c=0x555557410720, c[0]=0x9797979797979797
Allocated: c=0x555557410720

++ fastbin ++
p=0x55555740c570
p=0x55555740c5a0
p=0x55555740c5d0
p=0x55555740c600
p=0x55555740c630
p=0x55555740c660
p=0x55555740c690
a=0x55555740c6c0, b=0x55555740c6f0, c=0x55555740c720
Before: c=0x55555740c720, c[0]=0x55500215b2ec
After: c=0x55555740c720, c[0]=0x3d3d3d3d3d3d3d3d
Allocated: c=0x55555740c720

++ fastbin consolidate ++
a=0x55555740e980, b=0x55555740e9b0, c=0x55555740e9e0
Before: c=0x55555740e9e0, c[0]=0x555002159dae
After: c=0x55555740e9e0, c[0]=0x6262626262626262

